C:\GENERAL\TEACHING\CAMPUSNORD\VIDEOJOCS\2017-18-Q2\2D\EXOPENGL3\LEMMINGS\02-LEMMING\DEBUG\02-LEMMING.EXE
C:\GENERAL\TEACHING\CAMPUSNORD\VIDEOJOCS\2017-18-Q2\2D\EXOPENGL3\LEMMINGS\02-LEMMING\DEBUG\02-LEMMING.EXE.EMBED.MANIFEST
C:\GENERAL\TEACHING\CAMPUSNORD\VIDEOJOCS\2017-18-Q2\2D\EXOPENGL3\LEMMINGS\02-LEMMING\DEBUG\02-LEMMING.EXE.EMBED.MANIFEST.RES
C:\GENERAL\TEACHING\CAMPUSNORD\VIDEOJOCS\2017-18-Q2\2D\EXOPENGL3\LEMMINGS\02-LEMMING\DEBUG\02-LEMMING.EXE.INTERMEDIATE.MANIFEST
C:\GENERAL\TEACHING\CAMPUSNORD\VIDEOJOCS\2017-18-Q2\2D\EXOPENGL3\LEMMINGS\02-LEMMING\DEBUG\02-LEMMING.ILK
C:\GENERAL\TEACHING\CAMPUSNORD\VIDEOJOCS\2017-18-Q2\2D\EXOPENGL3\LEMMINGS\02-LEMMING\DEBUG\02-LEMMING.PDB
C:\GENERAL\teaching\CampusNord\Videojocs\2017-18-Q2\2D\ExOpenGL3\Lemmings\02-Lemming\Debug\02-Lemming.vcxprojResolveAssemblyReference.cache
C:\GENERAL\teaching\CampusNord\Videojocs\2017-18-Q2\2D\ExOpenGL3\Lemmings\02-Lemming\Debug\02-Lemming.write.1.tlog
C:\GENERAL\teaching\CampusNord\Videojocs\2017-18-Q2\2D\ExOpenGL3\Lemmings\02-Lemming\Debug\02-Lemming_manifest.rc
C:\GENERAL\teaching\CampusNord\Videojocs\2017-18-Q2\2D\ExOpenGL3\Lemmings\02-Lemming\Debug\cl.command.1.tlog
C:\GENERAL\teaching\CampusNord\Videojocs\2017-18-Q2\2D\ExOpenGL3\Lemmings\02-Lemming\Debug\CL.read.1.tlog
C:\GENERAL\teaching\CampusNord\Videojocs\2017-18-Q2\2D\ExOpenGL3\Lemmings\02-Lemming\Debug\CL.write.1.tlog
C:\GENERAL\TEACHING\CAMPUSNORD\VIDEOJOCS\2017-18-Q2\2D\EXOPENGL3\LEMMINGS\02-LEMMING\DEBUG\GAME.OBJ
C:\GENERAL\TEACHING\CAMPUSNORD\VIDEOJOCS\2017-18-Q2\2D\EXOPENGL3\LEMMINGS\02-LEMMING\DEBUG\LEMMING.OBJ
C:\GENERAL\teaching\CampusNord\Videojocs\2017-18-Q2\2D\ExOpenGL3\Lemmings\02-Lemming\Debug\link.5872.read.1.tlog
C:\GENERAL\teaching\CampusNord\Videojocs\2017-18-Q2\2D\ExOpenGL3\Lemmings\02-Lemming\Debug\link.5872.read.2.tlog
C:\GENERAL\teaching\CampusNord\Videojocs\2017-18-Q2\2D\ExOpenGL3\Lemmings\02-Lemming\Debug\link.5872.write.1.tlog
C:\GENERAL\teaching\CampusNord\Videojocs\2017-18-Q2\2D\ExOpenGL3\Lemmings\02-Lemming\Debug\link.5872-cvtres.read.1.tlog
C:\GENERAL\teaching\CampusNord\Videojocs\2017-18-Q2\2D\ExOpenGL3\Lemmings\02-Lemming\Debug\link.5872-cvtres.write.1.tlog
C:\GENERAL\teaching\CampusNord\Videojocs\2017-18-Q2\2D\ExOpenGL3\Lemmings\02-Lemming\Debug\link.command.1.tlog
C:\GENERAL\teaching\CampusNord\Videojocs\2017-18-Q2\2D\ExOpenGL3\Lemmings\02-Lemming\Debug\link.read.1.tlog
C:\GENERAL\teaching\CampusNord\Videojocs\2017-18-Q2\2D\ExOpenGL3\Lemmings\02-Lemming\Debug\link.read.2.tlog
C:\GENERAL\teaching\CampusNord\Videojocs\2017-18-Q2\2D\ExOpenGL3\Lemmings\02-Lemming\Debug\link.write.1.tlog
C:\GENERAL\teaching\CampusNord\Videojocs\2017-18-Q2\2D\ExOpenGL3\Lemmings\02-Lemming\Debug\link-cvtres.read.1.tlog
C:\GENERAL\teaching\CampusNord\Videojocs\2017-18-Q2\2D\ExOpenGL3\Lemmings\02-Lemming\Debug\link-cvtres.write.1.tlog
C:\GENERAL\TEACHING\CAMPUSNORD\VIDEOJOCS\2017-18-Q2\2D\EXOPENGL3\LEMMINGS\02-LEMMING\DEBUG\MAIN.OBJ
C:\GENERAL\TEACHING\CAMPUSNORD\VIDEOJOCS\2017-18-Q2\2D\EXOPENGL3\LEMMINGS\02-LEMMING\DEBUG\MASKEDTEXTUREDQUAD.OBJ
C:\GENERAL\teaching\CampusNord\Videojocs\2017-18-Q2\2D\ExOpenGL3\Lemmings\02-Lemming\Debug\mt.command.1.tlog
C:\GENERAL\teaching\CampusNord\Videojocs\2017-18-Q2\2D\ExOpenGL3\Lemmings\02-Lemming\Debug\mt.read.1.tlog
C:\GENERAL\teaching\CampusNord\Videojocs\2017-18-Q2\2D\ExOpenGL3\Lemmings\02-Lemming\Debug\mt.write.1.tlog
C:\GENERAL\teaching\CampusNord\Videojocs\2017-18-Q2\2D\ExOpenGL3\Lemmings\02-Lemming\Debug\rc.command.1.tlog
C:\GENERAL\teaching\CampusNord\Videojocs\2017-18-Q2\2D\ExOpenGL3\Lemmings\02-Lemming\Debug\rc.read.1.tlog
C:\GENERAL\teaching\CampusNord\Videojocs\2017-18-Q2\2D\ExOpenGL3\Lemmings\02-Lemming\Debug\rc.write.1.tlog
C:\GENERAL\TEACHING\CAMPUSNORD\VIDEOJOCS\2017-18-Q2\2D\EXOPENGL3\LEMMINGS\02-LEMMING\DEBUG\SCENE.OBJ
C:\GENERAL\TEACHING\CAMPUSNORD\VIDEOJOCS\2017-18-Q2\2D\EXOPENGL3\LEMMINGS\02-LEMMING\DEBUG\SHADER.OBJ
C:\GENERAL\TEACHING\CAMPUSNORD\VIDEOJOCS\2017-18-Q2\2D\EXOPENGL3\LEMMINGS\02-LEMMING\DEBUG\SHADERPROGRAM.OBJ
C:\GENERAL\TEACHING\CAMPUSNORD\VIDEOJOCS\2017-18-Q2\2D\EXOPENGL3\LEMMINGS\02-LEMMING\DEBUG\SPRITE.OBJ
C:\GENERAL\TEACHING\CAMPUSNORD\VIDEOJOCS\2017-18-Q2\2D\EXOPENGL3\LEMMINGS\02-LEMMING\DEBUG\TEXTURE.OBJ
C:\GENERAL\TEACHING\CAMPUSNORD\VIDEOJOCS\2017-18-Q2\2D\EXOPENGL3\LEMMINGS\02-LEMMING\DEBUG\VARIABLETEXTURE.OBJ
C:\GENERAL\teaching\CampusNord\Videojocs\2017-18-Q2\2D\ExOpenGL3\Lemmings\02-Lemming\Debug\vc100.idb
C:\GENERAL\TEACHING\CAMPUSNORD\VIDEOJOCS\2017-18-Q2\2D\EXOPENGL3\LEMMINGS\02-LEMMING\DEBUG\VC100.PDB
